  vector.cpp
c:\users\hu yefan\source\repos\11_24(2)\11_24(2)\vector.cpp(60): error C2065: “s”: 未声明的标识符
c:\users\hu yefan\source\repos\11_24(2)\11_24(2)\vector.cpp(60): error C2146: 语法错误: 缺少“;”(在标识符“TestVector”的前面)
